<?xml version="1.0" encoding="UTF-8"?>
<!-- Generated by org.testng.reporters.JUnitReportReporter -->
<testsuite skipped="0" hostname="RAMESHRIYO" name="org.emp.Practice" tests="2" failures="0" timestamp="17 May 2023 06:57:25 GMT" time="4.529" errors="0">
  <testcase name="tc2" time="0.621" classname="org.emp.Practice"/>
  <testcase name="tc1" time="3.908" classname="org.emp.Practice"/>
</testsuite> <!-- org.emp.Practice -->
