<?xml version="1.0" encoding="UTF-8"?>
<!-- Generated by org.testng.reporters.JUnitReportReporter -->
<testsuite skipped="0" hostname="RAMESHRIYO" name="org.drivercheck.HelloId" tests="3" failures="0" timestamp="15 Mar 2023 12:25:32 GMT" time="0.015" errors="0">
  <testcase name="tc1" time="0.012" classname="org.drivercheck.HelloId"/>
  <testcase name="tc2" time="0.001" classname="org.drivercheck.HelloId"/>
  <testcase name="tc3" time="0.002" classname="org.drivercheck.HelloId"/>
</testsuite> <!-- org.drivercheck.HelloId -->
