<?xml version="1.0" encoding="UTF-8"?>
<!-- Generated by org.testng.reporters.JUnitReportReporter -->
<testsuite skipped="0" hostname="RAMESHRIYO" name="org.dataprovider.Parameter" tests="2" failures="0" timestamp="05 Feb 2023 07:50:38 GMT" time="13.897" errors="0">
  <testcase name="dataProvider" time="5.824" classname="org.dataprovider.Parameter"/>
  <testcase name="dataProvider" time="8.073" classname="org.dataprovider.Parameter"/>
</testsuite> <!-- org.dataprovider.Parameter -->
