<?xml version="1.0" encoding="UTF-8"?>
<!-- Generated by org.testng.reporters.JUnitReportReporter -->
<testsuite skipped="1" hostname="RAMESHRIYO" name="org.rerun.Test2" tests="13" failures="0" timestamp="15 Mar 2023 11:44:02 GMT" time="0.031" errors="0">
  <testcase name="tc3" time="0.001" classname="org.rerun.Test2"/>
  <testcase name="tc1" time="0.013" classname="org.rerun.Test2"/>
  <testcase name="tc3" time="0.005" classname="org.rerun.Test2"/>
  <testcase name="tc3" time="0.002" classname="org.rerun.Test2"/>
  <testcase name="tc3" time="0.002" classname="org.rerun.Test2"/>
  <testcase name="tc3" time="0.001" classname="org.rerun.Test2"/>
  <testcase name="tc3" time="0.001" classname="org.rerun.Test2"/>
  <testcase name="tc3" time="0.002" classname="org.rerun.Test2"/>
  <testcase name="tc3" time="0.001" classname="org.rerun.Test2"/>
  <testcase name="tc3" time="0.001" classname="org.rerun.Test2"/>
  <testcase name="tc3" time="0.001" classname="org.rerun.Test2"/>
  <testcase name="tc3" time="0.001" classname="org.rerun.Test2"/>
  <testcase name="tc2" classname="org.rerun.Test2">
    <skipped/>
  </testcase> <!-- tc2 -->
</testsuite> <!-- org.rerun.Test2 -->
