<?xml version="1.0" encoding="UTF-8"?>
<!-- Generated by org.testng.reporters.JUnitReportReporter -->
<testsuite skipped="0" hostname="RAMESHRIYO" name="org.group.Test3" tests="2" failures="0" timestamp="13 Apr 2023 07:33:20 GMT" time="0.003" errors="0">
  <testcase name="tc1" time="0.002" classname="org.group.Test3"/>
  <testcase name="tc2" time="0.001" classname="org.group.Test3"/>
</testsuite> <!-- org.group.Test3 -->
