<?xml version="1.0" encoding="UTF-8"?>
<!-- Generated by org.testng.reporters.JUnitReportReporter -->
<testsuite skipped="0" hostname="RAMESHRIYO" name="org.dum.Data" tests="3" failures="0" timestamp="16 Jun 2023 13:46:12 GMT" time="0.035" errors="0">
  <testcase name="tc2" time="0.012" classname="org.dum.Data"/>
  <testcase name="tc2" time="0.004" classname="org.dum.Data"/>
  <testcase name="tc2" time="0.019" classname="org.dum.Data"/>
</testsuite> <!-- org.dum.Data -->
