<?xml version="1.0" encoding="UTF-8"?>
<!-- Generated by org.testng.reporters.JUnitReportReporter -->
<testsuite skipped="0" hostname="RAMESHRIYO" name="org.dataprovider.DataProSelenium" tests="3" failures="0" timestamp="17 May 2023 07:27:04 GMT" time="23.866" errors="0">
  <testcase name="dataProvider" time="10.867" classname="org.dataprovider.DataProSelenium"/>
  <testcase name="dataProvider" time="6.381" classname="org.dataprovider.DataProSelenium"/>
  <testcase name="dataProvider" time="6.618" classname="org.dataprovider.DataProSelenium"/>
</testsuite> <!-- org.dataprovider.DataProSelenium -->
