<?xml version="1.0" encoding="UTF-8"?>
<!-- Generated by org.testng.reporters.JUnitReportReporter -->
<testsuite skipped="0" hostname="RAMESHRIYO" name="org.group.Test2" tests="2" failures="0" timestamp="13 Apr 2023 07:33:21 GMT" time="0.011" errors="0">
  <testcase name="tc3" time="0.003" classname="org.group.Test2"/>
  <testcase name="tc2" time="0.008" classname="org.group.Test2"/>
</testsuite> <!-- org.group.Test2 -->
