<?xml version="1.0" encoding="UTF-8"?>
<!-- Generated by org.testng.reporters.JUnitReportReporter -->
<testsuite skipped="0" hostname="RAMESHRIYO" name="org.drivercheck.Hello1" tests="2" failures="0" timestamp="17 May 2023 07:35:31 GMT" time="21.198" errors="0">
  <testcase name="test" time="9.128" classname="org.drivercheck.Hello1"/>
  <testcase name="test" time="12.070" classname="org.drivercheck.Hello1"/>
</testsuite> <!-- org.drivercheck.Hello1 -->
