<?xml version="1.0" encoding="UTF-8"?>
<!-- Generated by org.testng.reporters.JUnitReportReporter -->
<testsuite skipped="0" hostname="RAMESHRIYO" name="org.dataprovider.DataProviders" tests="2" failures="0" timestamp="17 May 2023 07:23:09 GMT" time="0.029" errors="0">
  <testcase name="dataProvider" time="0.017" classname="org.dataprovider.DataProviders"/>
  <testcase name="dataProvider" time="0.012" classname="org.dataprovider.DataProviders"/>
</testsuite> <!-- org.dataprovider.DataProviders -->
