<?xml version="1.0" encoding="UTF-8"?>
<!-- Generated by org.testng.reporters.JUnitReportReporter -->
<testsuite skipped="0" hostname="RAMESHRIYO" name="org.pojo.Sample" tests="5" failures="0" timestamp="01 Feb 2023 13:19:01 GMT" time="6.949" errors="0">
  <testcase name="login" time="3.744" classname="org.pojo.Sample"/>
  <testcase name="getStateList" time="0.567" classname="org.pojo.Sample"/>
  <testcase name="cityList" time="1.020" classname="org.pojo.Sample"/>
  <testcase name="addUserAddress" time="1.042" classname="org.pojo.Sample"/>
  <testcase name="updateUserAddress" time="0.576" classname="org.pojo.Sample"/>
</testsuite> <!-- org.pojo.Sample -->
