<?xml version="1.0" encoding="UTF-8"?>
<!-- Generated by org.testng.reporters.JUnitReportReporter -->
<testsuite skipped="0" hostname="RAMESHRIYO" name="org.testng.LoginAutomation" tests="1" failures="0" timestamp="30 Jan 2023 10:28:19 GMT" time="7.086" errors="0">
  <testcase name="login" time="7.086" classname="org.testng.LoginAutomation"/>
</testsuite> <!-- org.testng.LoginAutomation -->
