<?xml version="1.0" encoding="UTF-8"?>
<!-- Generated by org.testng.reporters.JUnitReportReporter -->
<testsuite skipped="0" hostname="RAMESHRIYO" name="org.testng.ApiIntegration" tests="4" failures="0" timestamp="25 Jan 2023 05:49:04 GMT" time="6.639" errors="0">
  <testcase name="getListUser" time="3.736" classname="org.testng.ApiIntegration"/>
  <testcase name="createUser" time="1.035" classname="org.testng.ApiIntegration"/>
  <testcase name="updateUser" time="1.064" classname="org.testng.ApiIntegration"/>
  <testcase name="deleteUser" time="0.804" classname="org.testng.ApiIntegration"/>
</testsuite> <!-- org.testng.ApiIntegration -->
